<?xml version="1.0" encoding="UTF-8"?>
<!-- Generated by org.testng.reporters.JUnitXMLReporter -->
<testsuite ignored="0" hostname="HP" failures="0" tests="3" name="karatandcarat test" time="25.202" errors="0" timestamp="2022-04-17T14:51:21 IST">
  <testcase classname="com.karatncarat.testCases.TC_Create_Design_Order" name="custLoginTest" time="2.224"/>
  <testcase classname="com.karatncarat.testCases.TC_Create_Design_Order" name="custSearchTest" time="1.547"/>
  <testcase classname="com.karatncarat.testCases.TC_Create_Design_Order" name="createDesignTest" time="4.581"/>
</testsuite> <!-- karatandcarat test -->
