<?xml version="1.0" encoding="UTF-8"?>
<!-- Generated by org.testng.reporters.JUnitXMLReporter -->
<testsuite ignored="0" hostname="HP" failures="0" tests="3" name="karatandcarat test" time="38.177" errors="0" timestamp="2022-04-16T14:52:42 IST">
  <testcase classname="com.karatncarat.testCases.TC_Create_Design_Order" name="custLoginTest" time="4.278"/>
  <testcase classname="com.karatncarat.testCases.TC_Create_Design_Order" name="custSearchTest" time="3.342"/>
  <testcase classname="com.karatncarat.testCases.TC_Create_Design_Order" name="createDesignTest" time="8.696"/>
</testsuite> <!-- karatandcarat test -->
