<?xml version="1.0" encoding="UTF-8"?>
<testsuite xmlns:xsi="http://www.w3.org/2001/XMLSchema-instance" xsi:noNamespaceSchemaLocation="https://maven.apache.org/surefire/maven-surefire-plugin/xsd/surefire-test-report-3.0.xsd" version="3.0" name="TestSuite" time="27.886" tests="3" errors="0" skipped="0" failures="0">
  <properties>
[...]
</properties>
  <testcase name="custLoginTest" classname="com.karatncarat.testCases.TC_Create_Design_Order" time="2.224">
    <system-out><![CDATA[[DEBUG] 2022-04-17 14:50:57.076 [main] InternalLoggerFactory - Using Log4J2 as the default logging framework
[DEBUG] 2022-04-17 14:50:57.116 [main] ResourceLeakDetector - -Dio.netty.leakDetection.level: simple
[DEBUG] 2022-04-17 14:50:57.119 [main] ResourceLeakDetector - -Dio.netty.leakDetection.targetRecords: 4
[DEBUG] 2022-04-17 14:50:57.128 [main] ResourceLeakDetectorFactory - Loaded default ResourceLeakDetector: io.netty.util.ResourceLeakDetector@3e2fc448
[DEBUG] 2022-04-17 14:50:57.177 [main] PlatformDependent0 - -Dio.netty.noUnsafe: false
[DEBUG] 2022-04-17 14:50:57.177 [main] PlatformDependent0 - Java version: 11
[DEBUG] 2022-04-17 14:50:57.181 [main] PlatformDependent0 - sun.misc.Unsafe.theUnsafe: available
[DEBUG] 2022-04-17 14:50:57.183 [main] PlatformDependent0 - sun.misc.Unsafe.copyMemory: available
[DEBUG] 2022-04-17 14:50:57.184 [main] PlatformDependent0 - java.nio.Buffer.address: available
[DEBUG] 2022-04-17 14:50:57.185 [main] PlatformDependent0 - direct buffer constructor: unavailable: Reflective setAccessible(true) disabled
[DEBUG] 2022-04-17 14:50:57.187 [main] PlatformDependent0 - java.nio.Bits.unaligned: available, true
[DEBUG] 2022-04-17 14:50:57.188 [main] PlatformDependent0 - jdk.internal.misc.Unsafe.allocateUninitializedArray(int): unavailable: class io.netty.util.internal.PlatformDependent0$6 cannot access class jdk.internal.misc.Unsafe (in module java.base) because module java.base does not export jdk.internal.misc to unnamed module @3e792ce3
[DEBUG] 2022-04-17 14:50:57.191 [main] PlatformDependent0 - java.nio.DirectByteBuffer.<init>(long, int): unavailable
[DEBUG] 2022-04-17 14:50:57.191 [main] PlatformDependent - sun.misc.Unsafe: available
[DEBUG] 2022-04-17 14:50:57.195 [main] PlatformDependent - maxDirectMemory: 1595932672 bytes (maybe)
[DEBUG] 2022-04-17 14:50:57.195 [main] PlatformDependent - -Dio.netty.tmpdir: C:\Users\USER\AppData\Local\Temp (java.io.tmpdir)
[DEBUG] 2022-04-17 14:50:57.195 [main] PlatformDependent - -Dio.netty.bitMode: 64 (sun.arch.data.model)
[DEBUG] 2022-04-17 14:50:57.197 [main] PlatformDependent - Platform: Windows
[DEBUG] 2022-04-17 14:50:57.199 [main] PlatformDependent - -Dio.netty.maxDirectMemory: -1 bytes
[DEBUG] 2022-04-17 14:50:57.199 [main] PlatformDependent - -Dio.netty.uninitializedArrayAllocationThreshold: -1
[DEBUG] 2022-04-17 14:50:57.201 [main] CleanerJava9 - java.nio.ByteBuffer.cleaner(): available
[DEBUG] 2022-04-17 14:50:57.202 [main] PlatformDependent - -Dio.netty.noPreferDirect: false
[DEBUG] 2022-04-17 14:50:57.222 [main] PlatformDependent - org.jctools-core.MpscChunkedArrayQueue: available
[DEBUG] 2022-04-17 14:50:57.284 [main] InternalThreadLocalMap - -Dio.netty.threadLocalMap.stringBuilder.initialSize: 1024
[DEBUG] 2022-04-17 14:50:57.286 [main] InternalThreadLocalMap - -Dio.netty.threadLocalMap.stringBuilder.maxSize: 4096
[DEBUG] 2022-04-17 14:50:57.662 [main] JdkSslContext - Default protocols (JDK): [TLSv1.3, TLSv1.2] 
[DEBUG] 2022-04-17 14:50:57.662 [main] JdkSslContext - Default cipher suites (JDK): [TLS_ECDHE_ECDSA_WITH_AES_256_GCM_SHA384, TLS_ECDHE_ECDSA_WITH_AES_128_GCM_SHA256, TLS_ECDHE_RSA_WITH_AES_128_GCM_SHA256, TLS_ECDHE_RSA_WITH_AES_256_GCM_SHA384, TLS_ECDHE_RSA_WITH_AES_128_CBC_SHA, TLS_ECDHE_RSA_WITH_AES_256_CBC_SHA, TLS_RSA_WITH_AES_128_GCM_SHA256, TLS_RSA_WITH_AES_128_CBC_SHA, TLS_RSA_WITH_AES_256_CBC_SHA, TLS_AES_128_GCM_SHA256, TLS_AES_256_GCM_SHA384]
[DEBUG] 2022-04-17 14:50:57.726 [main] MultithreadEventLoopGroup - -Dio.netty.eventLoopThreads: 8
[DEBUG] 2022-04-17 14:50:57.754 [main] NioEventLoop - -Dio.netty.noKeySetOptimization: false
[DEBUG] 2022-04-17 14:50:57.754 [main] NioEventLoop - -Dio.netty.selectorAutoRebuildThreshold: 512
[DEBUG] 2022-04-17 14:50:57.834 [main] PooledByteBufAllocator - -Dio.netty.allocator.numHeapArenas: 8
[DEBUG] 2022-04-17 14:50:57.834 [main] PooledByteBufAllocator - -Dio.netty.allocator.numDirectArenas: 8
[DEBUG] 2022-04-17 14:50:57.834 [main] PooledByteBufAllocator - -Dio.netty.allocator.pageSize: 8192
[DEBUG] 2022-04-17 14:50:57.834 [main] PooledByteBufAllocator - -Dio.netty.allocator.maxOrder: 11
[DEBUG] 2022-04-17 14:50:57.834 [main] PooledByteBufAllocator - -Dio.netty.allocator.chunkSize: 16777216
[DEBUG] 2022-04-17 14:50:57.835 [main] PooledByteBufAllocator - -Dio.netty.allocator.smallCacheSize: 256
[DEBUG] 2022-04-17 14:50:57.835 [main] PooledByteBufAllocator - -Dio.netty.allocator.normalCacheSize: 64
[DEBUG] 2022-04-17 14:50:57.835 [main] PooledByteBufAllocator - -Dio.netty.allocator.maxCachedBufferCapacity: 32768
[DEBUG] 2022-04-17 14:50:57.835 [main] PooledByteBufAllocator - -Dio.netty.allocator.cacheTrimInterval: 8192
[DEBUG] 2022-04-17 14:50:57.835 [main] PooledByteBufAllocator - -Dio.netty.allocator.cacheTrimIntervalMillis: 0
[DEBUG] 2022-04-17 14:50:57.835 [main] PooledByteBufAllocator - -Dio.netty.allocator.useCacheForAllThreads: true
[DEBUG] 2022-04-17 14:50:57.836 [main] PooledByteBufAllocator - -Dio.netty.allocator.maxCachedByteBuffersPerChunk: 1023
[DEBUG] 2022-04-17 14:50:57.852 [main] ByteBufUtil - -Dio.netty.allocator.type: pooled
[DEBUG] 2022-04-17 14:50:57.852 [main] ByteBufUtil - -Dio.netty.threadLocalDirectBufferSize: 0
[DEBUG] 2022-04-17 14:50:57.852 [main] ByteBufUtil - -Dio.netty.maxThreadLocalCharBufferSize: 16384
[DEBUG] 2022-04-17 14:51:00.014 [Forwarding newSession on session null to remote] DefaultChannelId - -Dio.netty.processId: 9428 (auto-detected)
[DEBUG] 2022-04-17 14:51:00.019 [Forwarding newSession on session null to remote] NetUtil - -Djava.net.preferIPv4Stack: false
[DEBUG] 2022-04-17 14:51:00.020 [Forwarding newSession on session null to remote] NetUtil - -Djava.net.preferIPv6Addresses: false
[DEBUG] 2022-04-17 14:51:00.522 [Forwarding newSession on session null to remote] NetUtilInitializations - Loopback interface: lo (Software Loopback Interface 1, 127.0.0.1)
[DEBUG] 2022-04-17 14:51:00.523 [Forwarding newSession on session null to remote] NetUtil - Failed to get SOMAXCONN from sysctl and file \proc\sys\net\core\somaxconn. Default: 200
[DEBUG] 2022-04-17 14:51:01.447 [Forwarding newSession on session null to remote] DefaultChannelId - -Dio.netty.machineId: 4c:d5:77:ff:fe:73:39:e7 (auto-detected)
[DEBUG] 2022-04-17 14:51:01.598 [AsyncHttpClient-1-2] AbstractByteBuf - -Dio.netty.buffer.checkAccessible: true
[DEBUG] 2022-04-17 14:51:01.599 [AsyncHttpClient-1-2] AbstractByteBuf - -Dio.netty.buffer.checkBounds: true
[DEBUG] 2022-04-17 14:51:01.599 [AsyncHttpClient-1-2] ResourceLeakDetectorFactory - Loaded default ResourceLeakDetector: io.netty.util.ResourceLeakDetector@2e5c368
[DEBUG] 2022-04-17 14:51:01.661 [AsyncHttpClient-1-2] Recycler - -Dio.netty.recycler.maxCapacityPerThread: 4096
[DEBUG] 2022-04-17 14:51:01.661 [AsyncHttpClient-1-2] Recycler - -Dio.netty.recycler.maxSharedCapacityFactor: 2
[DEBUG] 2022-04-17 14:51:01.661 [AsyncHttpClient-1-2] Recycler - -Dio.netty.recycler.linkCapacity: 16
[DEBUG] 2022-04-17 14:51:01.661 [AsyncHttpClient-1-2] Recycler - -Dio.netty.recycler.ratio: 8
[DEBUG] 2022-04-17 14:51:01.661 [AsyncHttpClient-1-2] Recycler - -Dio.netty.recycler.delayedQueue.ratio: 8
[DEBUG] 2022-04-17 14:51:02.929 [AsyncHttpClient-1-2] Brotli - brotli4j not in the classpath; Brotli support will be unavailable.
[DEBUG] 2022-04-17 14:51:03.415 [main] ThreadLocalRandom - -Dio.netty.initialSeedUniquifier: 0x017d13a4646ba907
[INFO ] 2022-04-17 14:51:05.401 [main] BaseClass - URL is opened
[INFO ] 2022-04-17 14:51:05.543 [main] Sales_Login - username is entered
[INFO ] 2022-04-17 14:51:05.652 [main] Sales_Login - password is entered
[INFO ] 2022-04-17 14:51:07.598 [main] Sales_Login - clicked on login button
Test case passed
]]></system-out>
    <system-err><![CDATA[SLF4J: Failed to load class "org.slf4j.impl.StaticLoggerBinder".
SLF4J: Defaulting to no-operation (NOP) logger implementation
SLF4J: See http://www.slf4j.org/codes.html#StaticLoggerBinder for further details.
Starting ChromeDriver 99.0.4844.51 (d537ec02474b5afe23684e7963d538896c63ac77-refs/branch-heads/4844@{#875}) on port 55161
Only local connections are allowed.
Please see https://chromedriver.chromium.org/security-considerations for suggestions on keeping ChromeDriver safe.
ChromeDriver was started successfully.
[1650187262.844][WARNING]: This version of ChromeDriver has not been tested with Chrome version 100.
Apr 17, 2022 2:51:03 PM org.openqa.selenium.remote.ProtocolHandshake createSession
INFO: Detected dialect: W3C
Apr 17, 2022 2:51:03 PM org.openqa.selenium.devtools.CdpVersionFinder findNearestMatch
WARNING: Unable to find an exact match for CDP version 100, so returning the closest version found: 96
Apr 17, 2022 2:51:03 PM org.openqa.selenium.devtools.CdpVersionFinder findNearestMatch
INFO: Found CDP implementation for version 100 of 96
]]></system-err>
  </testcase>
  <testcase name="custSearchTest" classname="com.karatncarat.testCases.TC_Create_Design_Order" time="1.546">
    <system-out><![CDATA[[INFO ] 2022-04-17 14:51:07.714 [main] Search_Customer - clicked on home/create document menu
[INFO ] 2022-04-17 14:51:07.851 [main] Search_Customer - clicked on search customer
[INFO ] 2022-04-17 14:51:08.204 [main] Search_Customer - clicked on add more filter button
[INFO ] 2022-04-17 14:51:08.511 [main] Search_Customer - option type has been selected
[INFO ] 2022-04-17 14:51:08.850 [main] Search_Customer - input has been given
[INFO ] 2022-04-17 14:51:08.970 [main] Search_Customer - clicked on apply button
[INFO ] 2022-04-17 14:51:09.050 [main] Search_Customer - Search button is clicked
[INFO ] 2022-04-17 14:51:09.140 [main] Search_Customer - Search button is clicked
[INFO ] 2022-04-17 14:51:09.171 [main] BaseClass - Search test case passed
]]></system-out>
  </testcase>
  <testcase name="createDesignTest[Gold, Bangle Odd, 15, 15, May, 2022, 16, In-house, Designer One, 2, 12345, Test, Mail, May, 2022, 28, 8, 32, 2399, 100, 1, 5, None, 80, 229, 100, 1, 1, None](1)" classname="com.karatncarat.testCases.TC_Create_Design_Order" time="4.581">
    <system-out><![CDATA[[DEBUG] 2022-04-17 14:51:09.386 [main] PackageRelationshipCollection - Parsing relationship: /xl/_rels/workbook.xml.rels
[DEBUG] 2022-04-17 14:51:09.389 [main] PackageRelationshipCollection - Parsing relationship: /xl/worksheets/_rels/sheet1.xml.rels
[DEBUG] 2022-04-17 14:51:09.391 [main] PackageRelationshipCollection - Parsing relationship: /_rels/.rels
[DEBUG] 2022-04-17 14:51:09.869 [main] POIXMLFactory - using default POIXMLDocumentPart for http://schemas.openxmlformats.org/officeDocument/2006/relationships/printerSettings
1
[DEBUG] 2022-04-17 14:51:10.010 [main] PackageRelationshipCollection - Parsing relationship: /xl/_rels/workbook.xml.rels
[DEBUG] 2022-04-17 14:51:10.010 [main] PackageRelationshipCollection - Parsing relationship: /xl/worksheets/_rels/sheet1.xml.rels
[DEBUG] 2022-04-17 14:51:10.010 [main] PackageRelationshipCollection - Parsing relationship: /_rels/.rels
[DEBUG] 2022-04-17 14:51:10.041 [main] POIXMLFactory - using default POIXMLDocumentPart for http://schemas.openxmlformats.org/officeDocument/2006/relationships/printerSettings
29
[DEBUG] 2022-04-17 14:51:10.066 [main] PackageRelationshipCollection - Parsing relationship: /xl/_rels/workbook.xml.rels
[DEBUG] 2022-04-17 14:51:10.066 [main] PackageRelationshipCollection - Parsing relationship: /xl/worksheets/_rels/sheet1.xml.rels
[DEBUG] 2022-04-17 14:51:10.066 [main] PackageRelationshipCollection - Parsing relationship: /_rels/.rels
[DEBUG] 2022-04-17 14:51:10.081 [main] POIXMLFactory - using default POIXMLDocumentPart for http://schemas.openxmlformats.org/officeDocument/2006/relationships/printerSettings
[DEBUG] 2022-04-17 14:51:10.128 [main] PackageRelationshipCollection - Parsing relationship: /xl/_rels/workbook.xml.rels
[DEBUG] 2022-04-17 14:51:10.128 [main] PackageRelationshipCollection - Parsing relationship: /xl/worksheets/_rels/sheet1.xml.rels
[DEBUG] 2022-04-17 14:51:10.128 [main] PackageRelationshipCollection - Parsing relationship: /_rels/.rels
[DEBUG] 2022-04-17 14:51:10.143 [main] POIXMLFactory - using default POIXMLDocumentPart for http://schemas.openxmlformats.org/officeDocument/2006/relationships/printerSettings
[DEBUG] 2022-04-17 14:51:10.206 [main] PackageRelationshipCollection - Parsing relationship: /xl/_rels/workbook.xml.rels
[DEBUG] 2022-04-17 14:51:10.206 [main] PackageRelationshipCollection - Parsing relationship: /xl/worksheets/_rels/sheet1.xml.rels
[DEBUG] 2022-04-17 14:51:10.206 [main] PackageRelationshipCollection - Parsing relationship: /_rels/.rels
[DEBUG] 2022-04-17 14:51:10.239 [main] POIXMLFactory - using default POIXMLDocumentPart for http://schemas.openxmlformats.org/officeDocument/2006/relationships/printerSettings
[DEBUG] 2022-04-17 14:51:10.286 [main] PackageRelationshipCollection - Parsing relationship: /xl/_rels/workbook.xml.rels
[DEBUG] 2022-04-17 14:51:10.286 [main] PackageRelationshipCollection - Parsing relationship: /xl/worksheets/_rels/sheet1.xml.rels
[DEBUG] 2022-04-17 14:51:10.286 [main] PackageRelationshipCollection - Parsing relationship: /_rels/.rels
[DEBUG] 2022-04-17 14:51:10.333 [main] POIXMLFactory - using default POIXMLDocumentPart for http://schemas.openxmlformats.org/officeDocument/2006/relationships/printerSettings
[DEBUG] 2022-04-17 14:51:10.381 [main] PackageRelationshipCollection - Parsing relationship: /xl/_rels/workbook.xml.rels
[DEBUG] 2022-04-17 14:51:10.381 [main] PackageRelationshipCollection - Parsing relationship: /xl/worksheets/_rels/sheet1.xml.rels
[DEBUG] 2022-04-17 14:51:10.381 [main] PackageRelationshipCollection - Parsing relationship: /_rels/.rels
[DEBUG] 2022-04-17 14:51:10.412 [main] POIXMLFactory - using default POIXMLDocumentPart for http://schemas.openxmlformats.org/officeDocument/2006/relationships/printerSettings
[DEBUG] 2022-04-17 14:51:10.443 [main] PackageRelationshipCollection - Parsing relationship: /xl/_rels/workbook.xml.rels
[DEBUG] 2022-04-17 14:51:10.443 [main] PackageRelationshipCollection - Parsing relationship: /xl/worksheets/_rels/sheet1.xml.rels
[DEBUG] 2022-04-17 14:51:10.459 [main] PackageRelationshipCollection - Parsing relationship: /_rels/.rels
[DEBUG] 2022-04-17 14:51:10.467 [main] POIXMLFactory - using default POIXMLDocumentPart for http://schemas.openxmlformats.org/officeDocument/2006/relationships/printerSettings
[DEBUG] 2022-04-17 14:51:10.501 [main] PackageRelationshipCollection - Parsing relationship: /xl/_rels/workbook.xml.rels
[DEBUG] 2022-04-17 14:51:10.502 [main] PackageRelationshipCollection - Parsing relationship: /xl/worksheets/_rels/sheet1.xml.rels
[DEBUG] 2022-04-17 14:51:10.504 [main] PackageRelationshipCollection - Parsing relationship: /_rels/.rels
[DEBUG] 2022-04-17 14:51:10.517 [main] POIXMLFactory - using default POIXMLDocumentPart for http://schemas.openxmlformats.org/officeDocument/2006/relationships/printerSettings
[DEBUG] 2022-04-17 14:51:10.546 [main] PackageRelationshipCollection - Parsing relationship: /xl/_rels/workbook.xml.rels
[DEBUG] 2022-04-17 14:51:10.547 [main] PackageRelationshipCollection - Parsing relationship: /xl/worksheets/_rels/sheet1.xml.rels
[DEBUG] 2022-04-17 14:51:10.548 [main] PackageRelationshipCollection - Parsing relationship: /_rels/.rels
[DEBUG] 2022-04-17 14:51:10.581 [main] POIXMLFactory - using default POIXMLDocumentPart for http://schemas.openxmlformats.org/officeDocument/2006/relationships/printerSettings
[DEBUG] 2022-04-17 14:51:10.594 [main] PackageRelationshipCollection - Parsing relationship: /xl/_rels/workbook.xml.rels
[DEBUG] 2022-04-17 14:51:10.612 [main] PackageRelationshipCollection - Parsing relationship: /xl/worksheets/_rels/sheet1.xml.rels
[DEBUG] 2022-04-17 14:51:10.612 [main] PackageRelationshipCollection - Parsing relationship: /_rels/.rels
[DEBUG] 2022-04-17 14:51:10.628 [main] POIXMLFactory - using default POIXMLDocumentPart for http://schemas.openxmlformats.org/officeDocument/2006/relationships/printerSettings
[DEBUG] 2022-04-17 14:51:10.645 [main] PackageRelationshipCollection - Parsing relationship: /xl/_rels/workbook.xml.rels
[DEBUG] 2022-04-17 14:51:10.645 [main] PackageRelationshipCollection - Parsing relationship: /xl/worksheets/_rels/sheet1.xml.rels
[DEBUG] 2022-04-17 14:51:10.645 [main] PackageRelationshipCollection - Parsing relationship: /_rels/.rels
[DEBUG] 2022-04-17 14:51:10.669 [main] POIXMLFactory - using default POIXMLDocumentPart for http://schemas.openxmlformats.org/officeDocument/2006/relationships/printerSettings
[DEBUG] 2022-04-17 14:51:10.693 [main] PackageRelationshipCollection - Parsing relationship: /xl/_rels/workbook.xml.rels
[DEBUG] 2022-04-17 14:51:10.700 [main] PackageRelationshipCollection - Parsing relationship: /xl/worksheets/_rels/sheet1.xml.rels
[DEBUG] 2022-04-17 14:51:10.701 [main] PackageRelationshipCollection - Parsing relationship: /_rels/.rels
[DEBUG] 2022-04-17 14:51:10.714 [main] POIXMLFactory - using default POIXMLDocumentPart for http://schemas.openxmlformats.org/officeDocument/2006/relationships/printerSettings
[DEBUG] 2022-04-17 14:51:10.731 [main] PackageRelationshipCollection - Parsing relationship: /xl/_rels/workbook.xml.rels
[DEBUG] 2022-04-17 14:51:10.732 [main] PackageRelationshipCollection - Parsing relationship: /xl/worksheets/_rels/sheet1.xml.rels
[DEBUG] 2022-04-17 14:51:10.733 [main] PackageRelationshipCollection - Parsing relationship: /_rels/.rels
[DEBUG] 2022-04-17 14:51:10.744 [main] POIXMLFactory - using default POIXMLDocumentPart for http://schemas.openxmlformats.org/officeDocument/2006/relationships/printerSettings
[DEBUG] 2022-04-17 14:51:10.750 [main] PackageRelationshipCollection - Parsing relationship: /xl/_rels/workbook.xml.rels
[DEBUG] 2022-04-17 14:51:10.750 [main] PackageRelationshipCollection - Parsing relationship: /xl/worksheets/_rels/sheet1.xml.rels
[DEBUG] 2022-04-17 14:51:10.750 [main] PackageRelationshipCollection - Parsing relationship: /_rels/.rels
[DEBUG] 2022-04-17 14:51:10.768 [main] POIXMLFactory - using default POIXMLDocumentPart for http://schemas.openxmlformats.org/officeDocument/2006/relationships/printerSettings
[DEBUG] 2022-04-17 14:51:10.788 [main] PackageRelationshipCollection - Parsing relationship: /xl/_rels/workbook.xml.rels
[DEBUG] 2022-04-17 14:51:10.790 [main] PackageRelationshipCollection - Parsing relationship: /xl/worksheets/_rels/sheet1.xml.rels
[DEBUG] 2022-04-17 14:51:10.796 [main] PackageRelationshipCollection - Parsing relationship: /_rels/.rels
[DEBUG] 2022-04-17 14:51:10.808 [main] POIXMLFactory - using default POIXMLDocumentPart for http://schemas.openxmlformats.org/officeDocument/2006/relationships/printerSettings
[DEBUG] 2022-04-17 14:51:10.840 [main] PackageRelationshipCollection - Parsing relationship: /xl/_rels/workbook.xml.rels
[DEBUG] 2022-04-17 14:51:10.840 [main] PackageRelationshipCollection - Parsing relationship: /xl/worksheets/_rels/sheet1.xml.rels
[DEBUG] 2022-04-17 14:51:10.840 [main] PackageRelationshipCollection - Parsing relationship: /_rels/.rels
[DEBUG] 2022-04-17 14:51:10.840 [main] POIXMLFactory - using default POIXMLDocumentPart for http://schemas.openxmlformats.org/officeDocument/2006/relationships/printerSettings
[DEBUG] 2022-04-17 14:51:10.871 [main] PackageRelationshipCollection - Parsing relationship: /xl/_rels/workbook.xml.rels
[DEBUG] 2022-04-17 14:51:10.871 [main] PackageRelationshipCollection - Parsing relationship: /xl/worksheets/_rels/sheet1.xml.rels
[DEBUG] 2022-04-17 14:51:10.871 [main] PackageRelationshipCollection - Parsing relationship: /_rels/.rels
[DEBUG] 2022-04-17 14:51:10.887 [main] POIXMLFactory - using default POIXMLDocumentPart for http://schemas.openxmlformats.org/officeDocument/2006/relationships/printerSettings
[DEBUG] 2022-04-17 14:51:10.903 [main] PackageRelationshipCollection - Parsing relationship: /xl/_rels/workbook.xml.rels
[DEBUG] 2022-04-17 14:51:10.903 [main] PackageRelationshipCollection - Parsing relationship: /xl/worksheets/_rels/sheet1.xml.rels
[DEBUG] 2022-04-17 14:51:10.903 [main] PackageRelationshipCollection - Parsing relationship: /_rels/.rels
[DEBUG] 2022-04-17 14:51:10.903 [main] POIXMLFactory - using default POIXMLDocumentPart for http://schemas.openxmlformats.org/officeDocument/2006/relationships/printerSettings
[DEBUG] 2022-04-17 14:51:10.918 [main] PackageRelationshipCollection - Parsing relationship: /xl/_rels/workbook.xml.rels
[DEBUG] 2022-04-17 14:51:10.918 [main] PackageRelationshipCollection - Parsing relationship: /xl/worksheets/_rels/sheet1.xml.rels
[DEBUG] 2022-04-17 14:51:10.918 [main] PackageRelationshipCollection - Parsing relationship: /_rels/.rels
[DEBUG] 2022-04-17 14:51:10.934 [main] POIXMLFactory - using default POIXMLDocumentPart for http://schemas.openxmlformats.org/officeDocument/2006/relationships/printerSettings
[DEBUG] 2022-04-17 14:51:10.997 [main] PackageRelationshipCollection - Parsing relationship: /xl/_rels/workbook.xml.rels
[DEBUG] 2022-04-17 14:51:10.997 [main] PackageRelationshipCollection - Parsing relationship: /xl/worksheets/_rels/sheet1.xml.rels
[DEBUG] 2022-04-17 14:51:10.997 [main] PackageRelationshipCollection - Parsing relationship: /_rels/.rels
[DEBUG] 2022-04-17 14:51:11.015 [main] POIXMLFactory - using default POIXMLDocumentPart for http://schemas.openxmlformats.org/officeDocument/2006/relationships/printerSettings
[DEBUG] 2022-04-17 14:51:11.035 [main] PackageRelationshipCollection - Parsing relationship: /xl/_rels/workbook.xml.rels
[DEBUG] 2022-04-17 14:51:11.035 [main] PackageRelationshipCollection - Parsing relationship: /xl/worksheets/_rels/sheet1.xml.rels
[DEBUG] 2022-04-17 14:51:11.035 [main] PackageRelationshipCollection - Parsing relationship: /_rels/.rels
[DEBUG] 2022-04-17 14:51:11.069 [main] POIXMLFactory - using default POIXMLDocumentPart for http://schemas.openxmlformats.org/officeDocument/2006/relationships/printerSettings
[DEBUG] 2022-04-17 14:51:11.097 [main] PackageRelationshipCollection - Parsing relationship: /xl/_rels/workbook.xml.rels
[DEBUG] 2022-04-17 14:51:11.097 [main] PackageRelationshipCollection - Parsing relationship: /xl/worksheets/_rels/sheet1.xml.rels
[DEBUG] 2022-04-17 14:51:11.097 [main] PackageRelationshipCollection - Parsing relationship: /_rels/.rels
[DEBUG] 2022-04-17 14:51:11.114 [main] POIXMLFactory - using default POIXMLDocumentPart for http://schemas.openxmlformats.org/officeDocument/2006/relationships/printerSettings
[DEBUG] 2022-04-17 14:51:11.128 [main] PackageRelationshipCollection - Parsing relationship: /xl/_rels/workbook.xml.rels
[DEBUG] 2022-04-17 14:51:11.128 [main] PackageRelationshipCollection - Parsing relationship: /xl/worksheets/_rels/sheet1.xml.rels
[DEBUG] 2022-04-17 14:51:11.147 [main] PackageRelationshipCollection - Parsing relationship: /_rels/.rels
[DEBUG] 2022-04-17 14:51:11.161 [main] POIXMLFactory - using default POIXMLDocumentPart for http://schemas.openxmlformats.org/officeDocument/2006/relationships/printerSettings
[DEBUG] 2022-04-17 14:51:11.190 [main] PackageRelationshipCollection - Parsing relationship: /xl/_rels/workbook.xml.rels
[DEBUG] 2022-04-17 14:51:11.209 [main] PackageRelationshipCollection - Parsing relationship: /xl/worksheets/_rels/sheet1.xml.rels
[DEBUG] 2022-04-17 14:51:11.209 [main] PackageRelationshipCollection - Parsing relationship: /_rels/.rels
[DEBUG] 2022-04-17 14:51:11.223 [main] POIXMLFactory - using default POIXMLDocumentPart for http://schemas.openxmlformats.org/officeDocument/2006/relationships/printerSettings
[DEBUG] 2022-04-17 14:51:11.256 [main] PackageRelationshipCollection - Parsing relationship: /xl/_rels/workbook.xml.rels
[DEBUG] 2022-04-17 14:51:11.256 [main] PackageRelationshipCollection - Parsing relationship: /xl/worksheets/_rels/sheet1.xml.rels
[DEBUG] 2022-04-17 14:51:11.256 [main] PackageRelationshipCollection - Parsing relationship: /_rels/.rels
[DEBUG] 2022-04-17 14:51:11.280 [main] POIXMLFactory - using default POIXMLDocumentPart for http://schemas.openxmlformats.org/officeDocument/2006/relationships/printerSettings
[DEBUG] 2022-04-17 14:51:11.294 [main] PackageRelationshipCollection - Parsing relationship: /xl/_rels/workbook.xml.rels
[DEBUG] 2022-04-17 14:51:11.295 [main] PackageRelationshipCollection - Parsing relationship: /xl/worksheets/_rels/sheet1.xml.rels
[DEBUG] 2022-04-17 14:51:11.295 [main] PackageRelationshipCollection - Parsing relationship: /_rels/.rels
[DEBUG] 2022-04-17 14:51:11.307 [main] POIXMLFactory - using default POIXMLDocumentPart for http://schemas.openxmlformats.org/officeDocument/2006/relationships/printerSettings
[DEBUG] 2022-04-17 14:51:11.320 [main] PackageRelationshipCollection - Parsing relationship: /xl/_rels/workbook.xml.rels
[DEBUG] 2022-04-17 14:51:11.320 [main] PackageRelationshipCollection - Parsing relationship: /xl/worksheets/_rels/sheet1.xml.rels
[DEBUG] 2022-04-17 14:51:11.326 [main] PackageRelationshipCollection - Parsing relationship: /_rels/.rels
[DEBUG] 2022-04-17 14:51:11.338 [main] POIXMLFactory - using default POIXMLDocumentPart for http://schemas.openxmlformats.org/officeDocument/2006/relationships/printerSettings
[DEBUG] 2022-04-17 14:51:11.356 [main] PackageRelationshipCollection - Parsing relationship: /xl/_rels/workbook.xml.rels
[DEBUG] 2022-04-17 14:51:11.357 [main] PackageRelationshipCollection - Parsing relationship: /xl/worksheets/_rels/sheet1.xml.rels
[DEBUG] 2022-04-17 14:51:11.358 [main] PackageRelationshipCollection - Parsing relationship: /_rels/.rels
[DEBUG] 2022-04-17 14:51:11.371 [main] POIXMLFactory - using default POIXMLDocumentPart for http://schemas.openxmlformats.org/officeDocument/2006/relationships/printerSettings
[DEBUG] 2022-04-17 14:51:11.404 [main] PackageRelationshipCollection - Parsing relationship: /xl/_rels/workbook.xml.rels
[DEBUG] 2022-04-17 14:51:11.406 [main] PackageRelationshipCollection - Parsing relationship: /xl/worksheets/_rels/sheet1.xml.rels
[DEBUG] 2022-04-17 14:51:11.406 [main] PackageRelationshipCollection - Parsing relationship: /_rels/.rels
[DEBUG] 2022-04-17 14:51:11.462 [main] POIXMLFactory - using default POIXMLDocumentPart for http://schemas.openxmlformats.org/officeDocument/2006/relationships/printerSettings
[DEBUG] 2022-04-17 14:51:11.477 [main] PackageRelationshipCollection - Parsing relationship: /xl/_rels/workbook.xml.rels
[DEBUG] 2022-04-17 14:51:11.479 [main] PackageRelationshipCollection - Parsing relationship: /xl/worksheets/_rels/sheet1.xml.rels
[DEBUG] 2022-04-17 14:51:11.480 [main] PackageRelationshipCollection - Parsing relationship: /_rels/.rels
[DEBUG] 2022-04-17 14:51:11.491 [main] POIXMLFactory - using default POIXMLDocumentPart for http://schemas.openxmlformats.org/officeDocument/2006/relationships/printerSettings
[INFO ] 2022-04-17 14:51:11.688 [main] Create_Design_Order - clicked on action button
[INFO ] 2022-04-17 14:51:12.184 [main] Create_Design_Order - Clicked on create design order
[INFO ] 2022-04-17 14:51:12.424 [main] Create_Design_Order - segment type is selected
[INFO ] 2022-04-17 14:51:12.632 [main] Create_Design_Order - jewel type is selected
[INFO ] 2022-04-17 14:51:12.770 [main] Create_Design_Order - expected gross wt is entered
[INFO ] 2022-04-17 14:51:12.930 [main] Create_Design_Order - expected net wt is entered
[INFO ] 2022-04-17 14:51:13.000 [main] Create_Design_Order - clicked on design form
[INFO ] 2022-04-17 14:51:13.135 [main] Create_Design_Order - clicked design due date
[INFO ] 2022-04-17 14:51:13.462 [main] Create_Design_Order - Due date month has selected
[INFO ] 2022-04-17 14:51:13.626 [main] Create_Design_Order - due date year has selected
16
[INFO ] 2022-04-17 14:51:13.953 [main] Create_Design_Order - due day is selected
[INFO ] 2022-04-17 14:51:14.020 [main] Create_Design_Order - designer is selected
[INFO ] 2022-04-17 14:51:14.137 [main] Create_Design_Order - designer name is selected
[INFO ] 2022-04-17 14:51:14.247 [main] Create_Design_Order - no of designs entered
[INFO ] 2022-04-17 14:51:14.362 [main] Create_Design_Order - Page ref no is entered
[INFO ] 2022-04-17 14:51:14.476 [main] Create_Design_Order - designs has been uploaded
[INFO ] 2022-04-17 14:51:14.584 [main] Create_Design_Order - design instruction is entered
[INFO ] 2022-04-17 14:51:14.726 [main] Create_Design_Order - intimation mode has selected
[INFO ] 2022-04-17 14:51:14.844 [main] Create_Design_Order - clicked on customer due date
[INFO ] 2022-04-17 14:51:15.036 [main] Create_Design_Order - customer due month selected
[INFO ] 2022-04-17 14:51:15.215 [main] Create_Design_Order - customer due year selected
[INFO ] 2022-04-17 14:51:16.089 [main] Create_Design_Order - clicked on next button
]]></system-out>
  </testcase>
</testsuite>