<?xml version="1.0" encoding="UTF-8"?>
<testng-results ignored="0" total="1" passed="1" failed="0" skipped="0">
  <reporter-output>
  </reporter-output>
  <suite started-at="2022-04-22T09:02:18 IST" name="karatandcarat" finished-at="2022-04-22T09:02:34 IST" duration-ms="16028">
    <groups>
    </groups>
    <test started-at="2022-04-22T09:02:18 IST" name="karatandcarat test" finished-at="2022-04-22T09:02:34 IST" duration-ms="16028">
      <class name="com.karatncarat.testCases.TC_OE_Login">
        <test-method is-config="true" signature="SetUp()[pri:0, instance:com.karatncarat.testCases.TC_OE_Login@69637b10]" started-at="2022-04-22T09:02:18 IST" name="SetUp" finished-at="2022-04-22T09:02:24 IST" duration-ms="5845" status="PASS">
          <reporter-output>
          </reporter-output>
        </test-method> <!-- SetUp -->
        <test-method signature="oeLoginTest()[pri:0, instance:com.karatncarat.testCases.TC_OE_Login@69637b10]" started-at="2022-04-22T09:02:24 IST" name="oeLoginTest" finished-at="2022-04-22T09:02:28 IST" duration-ms="3964" status="PASS">
          <reporter-output>
          </reporter-output>
        </test-method> <!-- oeLoginTest -->
        <test-method is-config="true" signature="tearDown()[pri:0, instance:com.karatncarat.testCases.TC_OE_Login@69637b10]" started-at="2022-04-22T09:02:28 IST" name="tearDown" finished-at="2022-04-22T09:02:34 IST" duration-ms="6148" status="PASS">
          <reporter-output>
          </reporter-output>
        </test-method> <!-- tearDown -->
      </class> <!-- com.karatncarat.testCases.TC_OE_Login -->
    </test> <!-- karatandcarat test -->
  </suite> <!-- karatandcarat -->
</testng-results>
