<?xml version="1.0" encoding="UTF-8"?>
<testng-results ignored="0" total="3" passed="3" failed="0" skipped="0">
  <reporter-output>
  </reporter-output>
  <suite started-at="2022-04-16T14:52:04 IST" name="karatandcarat" finished-at="2022-04-16T14:52:42 IST" duration-ms="38177">
    <groups>
    </groups>
    <test started-at="2022-04-16T14:52:04 IST" name="karatandcarat test" finished-at="2022-04-16T14:52:42 IST" duration-ms="38177">
      <class name="com.karatncarat.testCases.TC_Create_Design_Order">
        <test-method is-config="true" signature="setUp(java.lang.String)[pri:0, instance:com.karatncarat.testCases.TC_Create_Design_Order@6ca0256d]" started-at="2022-04-16T14:52:04 IST" name="setUp" finished-at="2022-04-16T14:52:17 IST" duration-ms="13488" status="PASS">
          <params>
            <param index="0">
              <value>
                <![CDATA[chrome]]>
              </value>
            </param>
          </params>
          <reporter-output>
          </reporter-output>
        </test-method> <!-- setUp -->
        <test-method signature="custLoginTest()[pri:0, instance:com.karatncarat.testCases.TC_Create_Design_Order@6ca0256d]" started-at="2022-04-16T14:52:18 IST" name="custLoginTest" finished-at="2022-04-16T14:52:22 IST" duration-ms="4278" status="PASS">
          <reporter-output>
          </reporter-output>
        </test-method> <!-- custLoginTest -->
        <test-method signature="custSearchTest()[pri:1, instance:com.karatncarat.testCases.TC_Create_Design_Order@6ca0256d]" started-at="2022-04-16T14:52:22 IST" name="custSearchTest" finished-at="2022-04-16T14:52:25 IST" duration-ms="3342" status="PASS">
          <reporter-output>
          </reporter-output>
        </test-method> <!-- custSearchTest -->
        <test-method signature="createDesignTest(java.lang.String,java.lang.String,java.lang.String,java.lang.String,java.lang.String,java.lang.String,java.lang.String,java.lang.String,java.lang.String,java.lang.String,java.lang.String,java.lang.String,java.lang.String,java.lang.String,java.lang.String,java.lang.String,java.lang.String,java.lang.String,java.lang.String,java.lang.String,java.lang.String,java.lang.String,java.lang.String,java.lang.String,java.lang.String,java.lang.String,java.lang.String,java.lang.String,java.lang.String)[pri:2, instance:com.karatncarat.testCases.TC_Create_Design_Order@6ca0256d]" started-at="2022-04-16T14:52:28 IST" name="createDesignTest" data-provider="CreateDesignOrder" finished-at="2022-04-16T14:52:36 IST" duration-ms="8696" status="PASS">
          <params>
            <param index="0">
              <value>
                <![CDATA[Gold]]>
              </value>
            </param>
            <param index="1">
              <value>
                <![CDATA[Bangle Odd]]>
              </value>
            </param>
            <param index="2">
              <value>
                <![CDATA[15]]>
              </value>
            </param>
            <param index="3">
              <value>
                <![CDATA[15]]>
              </value>
            </param>
            <param index="4">
              <value>
                <![CDATA[May]]>
              </value>
            </param>
            <param index="5">
              <value>
                <![CDATA[2022]]>
              </value>
            </param>
            <param index="6">
              <value>
                <![CDATA[16]]>
              </value>
            </param>
            <param index="7">
              <value>
                <![CDATA[In-house]]>
              </value>
            </param>
            <param index="8">
              <value>
                <![CDATA[Designer One]]>
              </value>
            </param>
            <param index="9">
              <value>
                <![CDATA[2]]>
              </value>
            </param>
            <param index="10">
              <value>
                <![CDATA[12345]]>
              </value>
            </param>
            <param index="11">
              <value>
                <![CDATA[Test]]>
              </value>
            </param>
            <param index="12">
              <value>
                <![CDATA[Mail]]>
              </value>
            </param>
            <param index="13">
              <value>
                <![CDATA[May]]>
              </value>
            </param>
            <param index="14">
              <value>
                <![CDATA[2022]]>
              </value>
            </param>
            <param index="15">
              <value>
                <![CDATA[28]]>
              </value>
            </param>
            <param index="16">
              <value>
                <![CDATA[8]]>
              </value>
            </param>
            <param index="17">
              <value>
                <![CDATA[32]]>
              </value>
            </param>
            <param index="18">
              <value>
                <![CDATA[2399]]>
              </value>
            </param>
            <param index="19">
              <value>
                <![CDATA[100]]>
              </value>
            </param>
            <param index="20">
              <value>
                <![CDATA[1]]>
              </value>
            </param>
            <param index="21">
              <value>
                <![CDATA[5]]>
              </value>
            </param>
            <param index="22">
              <value>
                <![CDATA[None]]>
              </value>
            </param>
            <param index="23">
              <value>
                <![CDATA[80]]>
              </value>
            </param>
            <param index="24">
              <value>
                <![CDATA[229]]>
              </value>
            </param>
            <param index="25">
              <value>
                <![CDATA[100]]>
              </value>
            </param>
            <param index="26">
              <value>
                <![CDATA[1]]>
              </value>
            </param>
            <param index="27">
              <value>
                <![CDATA[1]]>
              </value>
            </param>
            <param index="28">
              <value>
                <![CDATA[None]]>
              </value>
            </param>
          </params>
          <reporter-output>
          </reporter-output>
        </test-method> <!-- createDesignTest -->
        <test-method is-config="true" signature="tearDown()[pri:0, instance:com.karatncarat.testCases.TC_Create_Design_Order@6ca0256d]" started-at="2022-04-16T14:52:36 IST" name="tearDown" finished-at="2022-04-16T14:52:42 IST" duration-ms="5676" status="PASS">
          <reporter-output>
          </reporter-output>
        </test-method> <!-- tearDown -->
      </class> <!-- com.karatncarat.testCases.TC_Create_Design_Order -->
    </test> <!-- karatandcarat test -->
  </suite> <!-- karatandcarat -->
</testng-results>
